<?xml version="1.0" encoding="UTF-8"?>
<!-- Generated by org.testng.reporters.JUnitReportReporter -->
<testsuite skipped="0" hostname="LAPTOP-RUBEL" name="com.aumni.testcases.brokenLinkValidation" tests="1" failures="0" timestamp="27 Jan 2021 09:09:18 GMT" time="1.862" errors="0">
  <testcase name="brokenLinkValidation" time="1.862" classname="com.aumni.testcases.brokenLinkValidation"/>
</testsuite> <!-- com.aumni.testcases.brokenLinkValidation -->
