<?xml version="1.0" encoding="UTF-8"?>
<!-- Generated by org.testng.reporters.JUnitReportReporter -->
<testsuite skipped="0" hostname="LAPTOP-RUBEL" name="com.aumni.testcases.partnerLogoValidation" tests="1" failures="0" timestamp="27 Jan 2021 09:00:59 GMT" time="0.087" errors="0">
  <testcase name="partnerLogoValidation" time="0.087" classname="com.aumni.testcases.partnerLogoValidation"/>
</testsuite> <!-- com.aumni.testcases.partnerLogoValidation -->
